#
# There is insufficient memory for the Java Runtime Environment to continue.
# Native memory allocation (malloc) failed to allocate 1737312 bytes for Chunk::new
# Possible reasons:
#   The system is out of physical RAM or swap space
#   The process is running with CompressedOops enabled, and the Java Heap may be blocking the growth of the native heap
# Possible solutions:
#   Reduce memory load on the system
#   Increase physical memory or swap space
#   Check if swap backing store is full
#   Decrease Java heap size (-Xmx/-Xms)
#   Decrease number of Java threads
#   Decrease Java thread stack sizes (-Xss)
#   Set larger code cache with -XX:ReservedCodeCacheSize=
#   JVM is running with Unscaled Compressed Oops mode in which the Java heap is
#     placed in the first 4GB address space. The Java Heap base address is the
#     maximum limit for the native heap growth. Please use -XX:HeapBaseMinAddress
#     to set the Java Heap base and to place the Java Heap above 4GB virtual address.
# This output file may be truncated or incomplete.
#
#  Out of Memory Error (./src/hotspot/share/memory/arena.cpp:195), pid=5228, tid=11468
#
# JRE version: OpenJDK Runtime Environment Corretto-15.0.2.7.1 (15.0.2+7) (build 15.0.2+7)
# Java VM: OpenJDK 64-Bit Server VM Corretto-15.0.2.7.1 (15.0.2+7, mixed mode, sharing, tiered, compressed oops, g1 gc, windows-amd64)
# No core dump will be written. Minidumps are not enabled by default on client versions of Windows
#

---------------  S U M M A R Y ------------

Command Line: --add-opens=java.base/java.util=ALL-UNNAMED --add-opens=java.base/java.lang=ALL-UNNAMED --add-opens=java.base/java.lang.invoke=ALL-UNNAMED --add-opens=java.base/java.util=ALL-UNNAMED --add-opens=java.prefs/java.util.prefs=ALL-UNNAMED --add-opens=java.prefs/java.util.prefs=ALL-UNNAMED --add-opens=java.base/java.nio.charset=ALL-UNNAMED --add-opens=java.base/java.net=ALL-UNNAMED --add-opens=java.base/java.util.concurrent.atomic=ALL-UNNAMED -XX:MaxMetaspaceSize=256m -XX:+HeapDumpOnOutOfMemoryError -Xms256m -Xmx512m -Dfile.encoding=windows-1252 -Duser.country=US -Duser.language=en -Duser.variant org.gradle.launcher.daemon.bootstrap.GradleDaemon 7.4

Host: Intel(R) Core(TM) i7-7700HQ CPU @ 2.80GHz, 8 cores, 7G,  Windows 10 , 64 bit Build 19041 (10.0.19041.1706)
Time: Mon May 30 20:09:49 2022 GTB Daylight Time elapsed time: 4.820366 seconds (0d 0h 0m 4s)

---------------  T H R E A D  ---------------

Current thread (0x0000028c575f7210):  JavaThread "C2 CompilerThread1" daemon [_thread_in_native, id=11468, stack(0x000000c532800000,0x000000c532900000)]


Current CompileTask:
C2:   4820 2085   !   4       java.net.URLClassLoader::findClass (47 bytes)

Stack: [0x000000c532800000,0x000000c532900000]
Native frames: (J=compiled Java code, j=interpreted, Vv=VM code, C=native code)
V  [jvm.dll+0x5f7aea]
V  [jvm.dll+0x7978c9]
V  [jvm.dll+0x799023]
V  [jvm.dll+0x799673]
V  [jvm.dll+0x1fc4f8]
V  [jvm.dll+0x996aa]
V  [jvm.dll+0x99d9c]
V  [jvm.dll+0x30fe15]
V  [jvm.dll+0x178b00]
V  [jvm.dll+0x1d221d]
V  [jvm.dll+0x1d1578]
V  [jvm.dll+0x164597]
V  [jvm.dll+0x1e0454]
V  [jvm.dll+0x1de59b]
V  [jvm.dll+0x75c4ad]
V  [jvm.dll+0x7553aa]
V  [jvm.dll+0x5f6896]
C  [ucrtbase.dll+0x21bb2]
C  [KERNEL32.DLL+0x17034]
C  [ntdll.dll+0x52651]


---------------  P R O C E S S  ---------------

Threads class SMR info:
_java_thread_list=0x0000028c57fe2aa0, length=26, elements={
0x0000028c3970f7f0, 0x0000028c54c5ed10, 0x0000028c54c5ff90, 0x0000028c54c7f740,
0x0000028c54c82010, 0x0000028c54c849e0, 0x0000028c54c85780, 0x0000028c54c93380,
0x0000028c54ca6480, 0x0000028c556dd5b0, 0x0000028c556fa270, 0x0000028c56e11280,
0x0000028c5592c210, 0x0000028c576f1090, 0x0000028c559f4640, 0x0000028c575c5e40,
0x0000028c56fea870, 0x0000028c56cb1f50, 0x0000028c56cb2420, 0x0000028c56b814d0,
0x0000028c56b81000, 0x0000028c56b819a0, 0x0000028c56b7f320, 0x0000028c56b82ce0,
0x0000028c575f7210, 0x0000028c5869e530
}

Java Threads: ( => current thread )
  0x0000028c3970f7f0 JavaThread "main" [_thread_blocked, id=17724, stack(0x000000c530400000,0x000000c530500000)]
  0x0000028c54c5ed10 JavaThread "Reference Handler" daemon [_thread_blocked, id=18808, stack(0x000000c530b00000,0x000000c530c00000)]
  0x0000028c54c5ff90 JavaThread "Finalizer" daemon [_thread_blocked, id=5604, stack(0x000000c530c00000,0x000000c530d00000)]
  0x0000028c54c7f740 JavaThread "Signal Dispatcher" daemon [_thread_blocked, id=7416, stack(0x000000c530d00000,0x000000c530e00000)]
  0x0000028c54c82010 JavaThread "Attach Listener" daemon [_thread_blocked, id=16336, stack(0x000000c530e00000,0x000000c530f00000)]
  0x0000028c54c849e0 JavaThread "Service Thread" daemon [_thread_blocked, id=12940, stack(0x000000c530f00000,0x000000c531000000)]
  0x0000028c54c85780 JavaThread "C2 CompilerThread0" daemon [_thread_in_native, id=12444, stack(0x000000c531000000,0x000000c531100000)]
  0x0000028c54c93380 JavaThread "C1 CompilerThread0" daemon [_thread_blocked, id=4872, stack(0x000000c531100000,0x000000c531200000)]
  0x0000028c54ca6480 JavaThread "Sweeper thread" daemon [_thread_blocked, id=21308, stack(0x000000c531200000,0x000000c531300000)]
  0x0000028c556dd5b0 JavaThread "Common-Cleaner" daemon [_thread_blocked, id=4720, stack(0x000000c531300000,0x000000c531400000)]
  0x0000028c556fa270 JavaThread "Notification Thread" daemon [_thread_blocked, id=19036, stack(0x000000c531400000,0x000000c531500000)]
  0x0000028c56e11280 JavaThread "Daemon health stats" [_thread_blocked, id=3520, stack(0x000000c531d00000,0x000000c531e00000)]
  0x0000028c5592c210 JavaThread "Incoming local TCP Connector on port 58096" [_thread_in_native, id=9900, stack(0x000000c531700000,0x000000c531800000)]
  0x0000028c576f1090 JavaThread "Daemon periodic checks" [_thread_blocked, id=7292, stack(0x000000c531e00000,0x000000c531f00000)]
  0x0000028c559f4640 JavaThread "Daemon" [_thread_blocked, id=3696, stack(0x000000c531f00000,0x000000c532000000)]
  0x0000028c575c5e40 JavaThread "Handler for socket connection from /127.0.0.1:58096 to /127.0.0.1:58097" [_thread_in_native, id=18532, stack(0x000000c532000000,0x000000c532100000)]
  0x0000028c56fea870 JavaThread "Cancel handler" [_thread_blocked, id=540, stack(0x000000c532100000,0x000000c532200000)]
  0x0000028c56cb1f50 JavaThread "Daemon worker" [_thread_in_vm, id=7364, stack(0x000000c532200000,0x000000c532300000)]
  0x0000028c56cb2420 JavaThread "Asynchronous log dispatcher for DefaultDaemonConnection: socket connection from /127.0.0.1:58096 to /127.0.0.1:58097" [_thread_blocked, id=17824, stack(0x000000c531600000,0x000000c531700000)]
  0x0000028c56b814d0 JavaThread "Stdin handler" [_thread_blocked, id=22516, stack(0x000000c532300000,0x000000c532400000)]
  0x0000028c56b81000 JavaThread "Daemon client event forwarder" [_thread_blocked, id=9092, stack(0x000000c532400000,0x000000c532500000)]
  0x0000028c56b819a0 JavaThread "Cache worker for journal cache (C:\Users\Filip Dubau\.gradle\caches\journal-1)" [_thread_blocked, id=11116, stack(0x000000c532500000,0x000000c532600000)]
  0x0000028c56b7f320 JavaThread "File lock request listener" [_thread_in_native, id=22220, stack(0x000000c532600000,0x000000c532700000)]
  0x0000028c56b82ce0 JavaThread "Cache worker for file hash cache (C:\Users\Filip Dubau\.gradle\caches\7.4\fileHashes)" [_thread_blocked, id=20748, stack(0x000000c532700000,0x000000c532800000)]
=>0x0000028c575f7210 JavaThread "C2 CompilerThread1" daemon [_thread_in_native, id=11468, stack(0x000000c532800000,0x000000c532900000)]
  0x0000028c5869e530 JavaThread "C2 CompilerThread2" daemon [_thread_in_native, id=3800, stack(0x000000c532900000,0x000000c532a00000)]

Other Threads:
  0x0000028c54c5add0 VMThread "VM Thread" [stack: 0x000000c530a00000,0x000000c530b00000] [id=9812]
  0x0000028c556fad80 WatcherThread [stack: 0x000000c531500000,0x000000c531600000] [id=6404]
  0x0000028c397358c0 GCTaskThread "GC Thread#0" [stack: 0x000000c530500000,0x000000c530600000] [id=5492]
  0x0000028c5648f4d0 GCTaskThread "GC Thread#1" [stack: 0x000000c531800000,0x000000c531900000] [id=19864]
  0x0000028c5648f1a0 GCTaskThread "GC Thread#2" [stack: 0x000000c531900000,0x000000c531a00000] [id=22456]
  0x0000028c5648fe60 GCTaskThread "GC Thread#3" [stack: 0x000000c531a00000,0x000000c531b00000] [id=4292]
  0x0000028c56490190 GCTaskThread "GC Thread#4" [stack: 0x000000c531b00000,0x000000c531c00000] [id=21388]
  0x0000028c564904c0 GCTaskThread "GC Thread#5" [stack: 0x000000c531c00000,0x000000c531d00000] [id=17144]
  0x0000028c3973a920 ConcurrentGCThread "G1 Main Marker" [stack: 0x000000c530600000,0x000000c530700000] [id=19736]
  0x0000028c3973b420 ConcurrentGCThread "G1 Conc#0" [stack: 0x000000c530700000,0x000000c530800000] [id=11508]
  0x0000028c397ee460 ConcurrentGCThread "G1 Refine#0" [stack: 0x000000c530800000,0x000000c530900000] [id=17864]
  0x0000028c54b0a0d0 ConcurrentGCThread "G1 Young RemSet Sampling" [stack: 0x000000c530900000,0x000000c530a00000] [id=10276]

Threads with active compile tasks:
C2 CompilerThread0     4917 2293       4       jdk.internal.org.objectweb.asm.Frame::execute (2305 bytes)
C1 CompilerThread0     4917 2315       3       java.lang.reflect.Proxy::getProxyConstructor (92 bytes)
C2 CompilerThread1     4917 2085   !   4       java.net.URLClassLoader::findClass (47 bytes)
C2 CompilerThread2     4917 2086       4       java.net.URLClassLoader$1::run (5 bytes)

VM state: not at safepoint (normal execution)

VM Mutex/Monitor currently owned by a thread:  ([mutex/lock_event])
[0x0000028c3970aa20] Compile_lock - owner thread: 0x0000028c54c93380

Heap address: 0x00000000e0000000, size: 512 MB, Compressed Oops mode: 32-bit
CDS archive(s) mapped at: [0x0000000800000000-0x0000000800b50000-0x0000000800b50000), size 11862016, SharedBaseAddress: 0x0000000800000000, ArchiveRelocationMode: 0.
Compressed class space mapped at: 0x0000000800b50000-0x0000000810350000, size: 260046848
Narrow klass base: 0x0000000800000000, Narrow klass shift: 3, Narrow klass range: 0x100000000

GC Precious Log:
 CPUs: 8 total, 8 available
 Memory: 8077M
 Large Page Support: Disabled
 NUMA Support: Disabled
 Compressed Oops: Enabled (32-bit)
 Heap Region Size: 1M
 Heap Min Capacity: 256M
 Heap Initial Capacity: 256M
 Heap Max Capacity: 512M
 Pre-touch: Disabled
 Parallel Workers: 8
 Concurrent Workers: 2
 Concurrent Refinement Workers: 8
 Periodic GC: Disabled

Heap:
 garbage-first heap   total 262144K, used 96109K [0x00000000e0000000, 0x0000000100000000)
  region size 1024K, 86 young (88064K), 1 survivors (1024K)
 Metaspace       used 17687K, capacity 18089K, committed 18304K, reserved 270336K
  class space    used 2531K, capacity 2654K, committed 2688K, reserved 253952K

Heap Regions: E=young(eden), S=young(survivor), O=old, HS=humongous(starts), HC=humongous(continues), CS=collection set, F=free, OA=open archive, CA=closed archive, TAMS=top-at-mark-start (previous, next)
|   0|0x00000000e0000000, 0x00000000e0100000, 0x00000000e0100000|100%| O|  |TAMS 0x00000000e0000000, 0x00000000e0000000| Untracked 
|   1|0x00000000e0100000, 0x00000000e0200000, 0x00000000e0200000|100%| O|  |TAMS 0x00000000e0100000, 0x00000000e0100000| Untracked 
|   2|0x00000000e0200000, 0x00000000e0229400, 0x00000000e0300000| 16%| O|  |TAMS 0x00000000e0200000, 0x00000000e0200000| Untracked 
|   3|0x00000000e0300000, 0x00000000e0400000, 0x00000000e0400000|100%|HS|  |TAMS 0x00000000e0300000, 0x00000000e0300000| Complete 
|   4|0x00000000e0400000, 0x00000000e0500000, 0x00000000e0500000|100%|HC|  |TAMS 0x00000000e0400000, 0x00000000e0400000| Complete 
|   5|0x00000000e0500000, 0x00000000e0600000, 0x00000000e0600000|100%|HC|  |TAMS 0x00000000e0500000, 0x00000000e0500000| Complete 
|   6|0x00000000e0600000, 0x00000000e0700000, 0x00000000e0700000|100%| O|  |TAMS 0x00000000e0600000, 0x00000000e0600000| Untracked 
|   7|0x00000000e0700000, 0x00000000e0800000, 0x00000000e0800000|100%| O|  |TAMS 0x00000000e0700000, 0x00000000e0700000| Untracked 
|   8|0x00000000e0800000, 0x00000000e0900000, 0x00000000e0900000|100%| O|  |TAMS 0x00000000e0800000, 0x00000000e0800000| Untracked 
|   9|0x00000000e0900000, 0x00000000e0a00000, 0x00000000e0a00000|100%| O|  |TAMS 0x00000000e0900000, 0x00000000e0900000| Untracked 
|  10|0x00000000e0a00000, 0x00000000e0b00000, 0x00000000e0b00000|100%|HS|  |TAMS 0x00000000e0a00000, 0x00000000e0a00000| Complete 
|  11|0x00000000e0b00000, 0x00000000e0b00000, 0x00000000e0c00000|  0%| F|  |TAMS 0x00000000e0b00000, 0x00000000e0b00000| Untracked 
|  12|0x00000000e0c00000, 0x00000000e0c00000, 0x00000000e0d00000|  0%| F|  |TAMS 0x00000000e0c00000, 0x00000000e0c00000| Untracked 
|  13|0x00000000e0d00000, 0x00000000e0d00000, 0x00000000e0e00000|  0%| F|  |TAMS 0x00000000e0d00000, 0x00000000e0d00000| Untracked 
|  14|0x00000000e0e00000, 0x00000000e0e00000, 0x00000000e0f00000|  0%| F|  |TAMS 0x00000000e0e00000, 0x00000000e0e00000| Untracked 
|  15|0x00000000e0f00000, 0x00000000e0f00000, 0x00000000e1000000|  0%| F|  |TAMS 0x00000000e0f00000, 0x00000000e0f00000| Untracked 
|  16|0x00000000e1000000, 0x00000000e1000000, 0x00000000e1100000|  0%| F|  |TAMS 0x00000000e1000000, 0x00000000e1000000| Untracked 
|  17|0x00000000e1100000, 0x00000000e1100000, 0x00000000e1200000|  0%| F|  |TAMS 0x00000000e1100000, 0x00000000e1100000| Untracked 
|  18|0x00000000e1200000, 0x00000000e1200000, 0x00000000e1300000|  0%| F|  |TAMS 0x00000000e1200000, 0x00000000e1200000| Untracked 
|  19|0x00000000e1300000, 0x00000000e1300000, 0x00000000e1400000|  0%| F|  |TAMS 0x00000000e1300000, 0x00000000e1300000| Untracked 
|  20|0x00000000e1400000, 0x00000000e1400000, 0x00000000e1500000|  0%| F|  |TAMS 0x00000000e1400000, 0x00000000e1400000| Untracked 
|  21|0x00000000e1500000, 0x00000000e1500000, 0x00000000e1600000|  0%| F|  |TAMS 0x00000000e1500000, 0x00000000e1500000| Untracked 
|  22|0x00000000e1600000, 0x00000000e1600000, 0x00000000e1700000|  0%| F|  |TAMS 0x00000000e1600000, 0x00000000e1600000| Untracked 
|  23|0x00000000e1700000, 0x00000000e1700000, 0x00000000e1800000|  0%| F|  |TAMS 0x00000000e1700000, 0x00000000e1700000| Untracked 
|  24|0x00000000e1800000, 0x00000000e1800000, 0x00000000e1900000|  0%| F|  |TAMS 0x00000000e1800000, 0x00000000e1800000| Untracked 
|  25|0x00000000e1900000, 0x00000000e1900000, 0x00000000e1a00000|  0%| F|  |TAMS 0x00000000e1900000, 0x00000000e1900000| Untracked 
|  26|0x00000000e1a00000, 0x00000000e1a00000, 0x00000000e1b00000|  0%| F|  |TAMS 0x00000000e1a00000, 0x00000000e1a00000| Untracked 
|  27|0x00000000e1b00000, 0x00000000e1b00000, 0x00000000e1c00000|  0%| F|  |TAMS 0x00000000e1b00000, 0x00000000e1b00000| Untracked 
|  28|0x00000000e1c00000, 0x00000000e1c00000, 0x00000000e1d00000|  0%| F|  |TAMS 0x00000000e1c00000, 0x00000000e1c00000| Untracked 
|  29|0x00000000e1d00000, 0x00000000e1d00000, 0x00000000e1e00000|  0%| F|  |TAMS 0x00000000e1d00000, 0x00000000e1d00000| Untracked 
|  30|0x00000000e1e00000, 0x00000000e1e00000, 0x00000000e1f00000|  0%| F|  |TAMS 0x00000000e1e00000, 0x00000000e1e00000| Untracked 
|  31|0x00000000e1f00000, 0x00000000e1f00000, 0x00000000e2000000|  0%| F|  |TAMS 0x00000000e1f00000, 0x00000000e1f00000| Untracked 
|  32|0x00000000e2000000, 0x00000000e2000000, 0x00000000e2100000|  0%| F|  |TAMS 0x00000000e2000000, 0x00000000e2000000| Untracked 
|  33|0x00000000e2100000, 0x00000000e2100000, 0x00000000e2200000|  0%| F|  |TAMS 0x00000000e2100000, 0x00000000e2100000| Untracked 
|  34|0x00000000e2200000, 0x00000000e2200000, 0x00000000e2300000|  0%| F|  |TAMS 0x00000000e2200000, 0x00000000e2200000| Untracked 
|  35|0x00000000e2300000, 0x00000000e2300000, 0x00000000e2400000|  0%| F|  |TAMS 0x00000000e2300000, 0x00000000e2300000| Untracked 
|  36|0x00000000e2400000, 0x00000000e2400000, 0x00000000e2500000|  0%| F|  |TAMS 0x00000000e2400000, 0x00000000e2400000| Untracked 
|  37|0x00000000e2500000, 0x00000000e2500000, 0x00000000e2600000|  0%| F|  |TAMS 0x00000000e2500000, 0x00000000e2500000| Untracked 
|  38|0x00000000e2600000, 0x00000000e2600000, 0x00000000e2700000|  0%| F|  |TAMS 0x00000000e2600000, 0x00000000e2600000| Untracked 
|  39|0x00000000e2700000, 0x00000000e2700000, 0x00000000e2800000|  0%| F|  |TAMS 0x00000000e2700000, 0x00000000e2700000| Untracked 
|  40|0x00000000e2800000, 0x00000000e2800000, 0x00000000e2900000|  0%| F|  |TAMS 0x00000000e2800000, 0x00000000e2800000| Untracked 
|  41|0x00000000e2900000, 0x00000000e2900000, 0x00000000e2a00000|  0%| F|  |TAMS 0x00000000e2900000, 0x00000000e2900000| Untracked 
|  42|0x00000000e2a00000, 0x00000000e2a00000, 0x00000000e2b00000|  0%| F|  |TAMS 0x00000000e2a00000, 0x00000000e2a00000| Untracked 
|  43|0x00000000e2b00000, 0x00000000e2b00000, 0x00000000e2c00000|  0%| F|  |TAMS 0x00000000e2b00000, 0x00000000e2b00000| Untracked 
|  44|0x00000000e2c00000, 0x00000000e2c00000, 0x00000000e2d00000|  0%| F|  |TAMS 0x00000000e2c00000, 0x00000000e2c00000| Untracked 
|  45|0x00000000e2d00000, 0x00000000e2d00000, 0x00000000e2e00000|  0%| F|  |TAMS 0x00000000e2d00000, 0x00000000e2d00000| Untracked 
|  46|0x00000000e2e00000, 0x00000000e2e00000, 0x00000000e2f00000|  0%| F|  |TAMS 0x00000000e2e00000, 0x00000000e2e00000| Untracked 
|  47|0x00000000e2f00000, 0x00000000e2f00000, 0x00000000e3000000|  0%| F|  |TAMS 0x00000000e2f00000, 0x00000000e2f00000| Untracked 
|  48|0x00000000e3000000, 0x00000000e3000000, 0x00000000e3100000|  0%| F|  |TAMS 0x00000000e3000000, 0x00000000e3000000| Untracked 
|  49|0x00000000e3100000, 0x00000000e3100000, 0x00000000e3200000|  0%| F|  |TAMS 0x00000000e3100000, 0x00000000e3100000| Untracked 
|  50|0x00000000e3200000, 0x00000000e3200000, 0x00000000e3300000|  0%| F|  |TAMS 0x00000000e3200000, 0x00000000e3200000| Untracked 
|  51|0x00000000e3300000, 0x00000000e3300000, 0x00000000e3400000|  0%| F|  |TAMS 0x00000000e3300000, 0x00000000e3300000| Untracked 
|  52|0x00000000e3400000, 0x00000000e3400000, 0x00000000e3500000|  0%| F|  |TAMS 0x00000000e3400000, 0x00000000e3400000| Untracked 
|  53|0x00000000e3500000, 0x00000000e3500000, 0x00000000e3600000|  0%| F|  |TAMS 0x00000000e3500000, 0x00000000e3500000| Untracked 
|  54|0x00000000e3600000, 0x00000000e3600000, 0x00000000e3700000|  0%| F|  |TAMS 0x00000000e3600000, 0x00000000e3600000| Untracked 
|  55|0x00000000e3700000, 0x00000000e3700000, 0x00000000e3800000|  0%| F|  |TAMS 0x00000000e3700000, 0x00000000e3700000| Untracked 
|  56|0x00000000e3800000, 0x00000000e3800000, 0x00000000e3900000|  0%| F|  |TAMS 0x00000000e3800000, 0x00000000e3800000| Untracked 
|  57|0x00000000e3900000, 0x00000000e3900000, 0x00000000e3a00000|  0%| F|  |TAMS 0x00000000e3900000, 0x00000000e3900000| Untracked 
|  58|0x00000000e3a00000, 0x00000000e3a00000, 0x00000000e3b00000|  0%| F|  |TAMS 0x00000000e3a00000, 0x00000000e3a00000| Untracked 
|  59|0x00000000e3b00000, 0x00000000e3b00000, 0x00000000e3c00000|  0%| F|  |TAMS 0x00000000e3b00000, 0x00000000e3b00000| Untracked 
|  60|0x00000000e3c00000, 0x00000000e3c00000, 0x00000000e3d00000|  0%| F|  |TAMS 0x00000000e3c00000, 0x00000000e3c00000| Untracked 
|  61|0x00000000e3d00000, 0x00000000e3d00000, 0x00000000e3e00000|  0%| F|  |TAMS 0x00000000e3d00000, 0x00000000e3d00000| Untracked 
|  62|0x00000000e3e00000, 0x00000000e3e00000, 0x00000000e3f00000|  0%| F|  |TAMS 0x00000000e3e00000, 0x00000000e3e00000| Untracked 
|  63|0x00000000e3f00000, 0x00000000e3f00000, 0x00000000e4000000|  0%| F|  |TAMS 0x00000000e3f00000, 0x00000000e3f00000| Untracked 
|  64|0x00000000e4000000, 0x00000000e4000000, 0x00000000e4100000|  0%| F|  |TAMS 0x00000000e4000000, 0x00000000e4000000| Untracked 
|  65|0x00000000e4100000, 0x00000000e4100000, 0x00000000e4200000|  0%| F|  |TAMS 0x00000000e4100000, 0x00000000e4100000| Untracked 
|  66|0x00000000e4200000, 0x00000000e4200000, 0x00000000e4300000|  0%| F|  |TAMS 0x00000000e4200000, 0x00000000e4200000| Untracked 
|  67|0x00000000e4300000, 0x00000000e4300000, 0x00000000e4400000|  0%| F|  |TAMS 0x00000000e4300000, 0x00000000e4300000| Untracked 
|  68|0x00000000e4400000, 0x00000000e4400000, 0x00000000e4500000|  0%| F|  |TAMS 0x00000000e4400000, 0x00000000e4400000| Untracked 
|  69|0x00000000e4500000, 0x00000000e4500000, 0x00000000e4600000|  0%| F|  |TAMS 0x00000000e4500000, 0x00000000e4500000| Untracked 
|  70|0x00000000e4600000, 0x00000000e4600000, 0x00000000e4700000|  0%| F|  |TAMS 0x00000000e4600000, 0x00000000e4600000| Untracked 
|  71|0x00000000e4700000, 0x00000000e4700000, 0x00000000e4800000|  0%| F|  |TAMS 0x00000000e4700000, 0x00000000e4700000| Untracked 
|  72|0x00000000e4800000, 0x00000000e4800000, 0x00000000e4900000|  0%| F|  |TAMS 0x00000000e4800000, 0x00000000e4800000| Untracked 
|  73|0x00000000e4900000, 0x00000000e4900000, 0x00000000e4a00000|  0%| F|  |TAMS 0x00000000e4900000, 0x00000000e4900000| Untracked 
|  74|0x00000000e4a00000, 0x00000000e4a00000, 0x00000000e4b00000|  0%| F|  |TAMS 0x00000000e4a00000, 0x00000000e4a00000| Untracked 
|  75|0x00000000e4b00000, 0x00000000e4b00000, 0x00000000e4c00000|  0%| F|  |TAMS 0x00000000e4b00000, 0x00000000e4b00000| Untracked 
|  76|0x00000000e4c00000, 0x00000000e4c00000, 0x00000000e4d00000|  0%| F|  |TAMS 0x00000000e4c00000, 0x00000000e4c00000| Untracked 
|  77|0x00000000e4d00000, 0x00000000e4d00000, 0x00000000e4e00000|  0%| F|  |TAMS 0x00000000e4d00000, 0x00000000e4d00000| Untracked 
|  78|0x00000000e4e00000, 0x00000000e4e00000, 0x00000000e4f00000|  0%| F|  |TAMS 0x00000000e4e00000, 0x00000000e4e00000| Untracked 
|  79|0x00000000e4f00000, 0x00000000e4f00000, 0x00000000e5000000|  0%| F|  |TAMS 0x00000000e4f00000, 0x00000000e4f00000| Untracked 
|  80|0x00000000e5000000, 0x00000000e5000000, 0x00000000e5100000|  0%| F|  |TAMS 0x00000000e5000000, 0x00000000e5000000| Untracked 
|  81|0x00000000e5100000, 0x00000000e5100000, 0x00000000e5200000|  0%| F|  |TAMS 0x00000000e5100000, 0x00000000e5100000| Untracked 
|  82|0x00000000e5200000, 0x00000000e5200000, 0x00000000e5300000|  0%| F|  |TAMS 0x00000000e5200000, 0x00000000e5200000| Untracked 
|  83|0x00000000e5300000, 0x00000000e5300000, 0x00000000e5400000|  0%| F|  |TAMS 0x00000000e5300000, 0x00000000e5300000| Untracked 
|  84|0x00000000e5400000, 0x00000000e5400000, 0x00000000e5500000|  0%| F|  |TAMS 0x00000000e5400000, 0x00000000e5400000| Untracked 
|  85|0x00000000e5500000, 0x00000000e5500000, 0x00000000e5600000|  0%| F|  |TAMS 0x00000000e5500000, 0x00000000e5500000| Untracked 
|  86|0x00000000e5600000, 0x00000000e5600000, 0x00000000e5700000|  0%| F|  |TAMS 0x00000000e5600000, 0x00000000e5600000| Untracked 
|  87|0x00000000e5700000, 0x00000000e5700000, 0x00000000e5800000|  0%| F|  |TAMS 0x00000000e5700000, 0x00000000e5700000| Untracked 
|  88|0x00000000e5800000, 0x00000000e5800000, 0x00000000e5900000|  0%| F|  |TAMS 0x00000000e5800000, 0x00000000e5800000| Untracked 
|  89|0x00000000e5900000, 0x00000000e5900000, 0x00000000e5a00000|  0%| F|  |TAMS 0x00000000e5900000, 0x00000000e5900000| Untracked 
|  90|0x00000000e5a00000, 0x00000000e5a00000, 0x00000000e5b00000|  0%| F|  |TAMS 0x00000000e5a00000, 0x00000000e5a00000| Untracked 
|  91|0x00000000e5b00000, 0x00000000e5b00000, 0x00000000e5c00000|  0%| F|  |TAMS 0x00000000e5b00000, 0x00000000e5b00000| Untracked 
|  92|0x00000000e5c00000, 0x00000000e5c00000, 0x00000000e5d00000|  0%| F|  |TAMS 0x00000000e5c00000, 0x00000000e5c00000| Untracked 
|  93|0x00000000e5d00000, 0x00000000e5d00000, 0x00000000e5e00000|  0%| F|  |TAMS 0x00000000e5d00000, 0x00000000e5d00000| Untracked 
|  94|0x00000000e5e00000, 0x00000000e5e00000, 0x00000000e5f00000|  0%| F|  |TAMS 0x00000000e5e00000, 0x00000000e5e00000| Untracked 
|  95|0x00000000e5f00000, 0x00000000e5f00000, 0x00000000e6000000|  0%| F|  |TAMS 0x00000000e5f00000, 0x00000000e5f00000| Untracked 
|  96|0x00000000e6000000, 0x00000000e6000000, 0x00000000e6100000|  0%| F|  |TAMS 0x00000000e6000000, 0x00000000e6000000| Untracked 
|  97|0x00000000e6100000, 0x00000000e6100000, 0x00000000e6200000|  0%| F|  |TAMS 0x00000000e6100000, 0x00000000e6100000| Untracked 
|  98|0x00000000e6200000, 0x00000000e6200000, 0x00000000e6300000|  0%| F|  |TAMS 0x00000000e6200000, 0x00000000e6200000| Untracked 
|  99|0x00000000e6300000, 0x00000000e6300000, 0x00000000e6400000|  0%| F|  |TAMS 0x00000000e6300000, 0x00000000e6300000| Untracked 
| 100|0x00000000e6400000, 0x00000000e6400000, 0x00000000e6500000|  0%| F|  |TAMS 0x00000000e6400000, 0x00000000e6400000| Untracked 
| 101|0x00000000e6500000, 0x00000000e6500000, 0x00000000e6600000|  0%| F|  |TAMS 0x00000000e6500000, 0x00000000e6500000| Untracked 
| 102|0x00000000e6600000, 0x00000000e6600000, 0x00000000e6700000|  0%| F|  |TAMS 0x00000000e6600000, 0x00000000e6600000| Untracked 
| 103|0x00000000e6700000, 0x00000000e6700000, 0x00000000e6800000|  0%| F|  |TAMS 0x00000000e6700000, 0x00000000e6700000| Untracked 
| 104|0x00000000e6800000, 0x00000000e6800000, 0x00000000e6900000|  0%| F|  |TAMS 0x00000000e6800000, 0x00000000e6800000| Untracked 
| 105|0x00000000e6900000, 0x00000000e6900000, 0x00000000e6a00000|  0%| F|  |TAMS 0x00000000e6900000, 0x00000000e6900000| Untracked 
| 106|0x00000000e6a00000, 0x00000000e6a00000, 0x00000000e6b00000|  0%| F|  |TAMS 0x00000000e6a00000, 0x00000000e6a00000| Untracked 
| 107|0x00000000e6b00000, 0x00000000e6b00000, 0x00000000e6c00000|  0%| F|  |TAMS 0x00000000e6b00000, 0x00000000e6b00000| Untracked 
| 108|0x00000000e6c00000, 0x00000000e6c00000, 0x00000000e6d00000|  0%| F|  |TAMS 0x00000000e6c00000, 0x00000000e6c00000| Untracked 
| 109|0x00000000e6d00000, 0x00000000e6d00000, 0x00000000e6e00000|  0%| F|  |TAMS 0x00000000e6d00000, 0x00000000e6d00000| Untracked 
| 110|0x00000000e6e00000, 0x00000000e6e00000, 0x00000000e6f00000|  0%| F|  |TAMS 0x00000000e6e00000, 0x00000000e6e00000| Untracked 
| 111|0x00000000e6f00000, 0x00000000e6f00000, 0x00000000e7000000|  0%| F|  |TAMS 0x00000000e6f00000, 0x00000000e6f00000| Untracked 
| 112|0x00000000e7000000, 0x00000000e7000000, 0x00000000e7100000|  0%| F|  |TAMS 0x00000000e7000000, 0x00000000e7000000| Untracked 
| 113|0x00000000e7100000, 0x00000000e7100000, 0x00000000e7200000|  0%| F|  |TAMS 0x00000000e7100000, 0x00000000e7100000| Untracked 
| 114|0x00000000e7200000, 0x00000000e7200000, 0x00000000e7300000|  0%| F|  |TAMS 0x00000000e7200000, 0x00000000e7200000| Untracked 
| 115|0x00000000e7300000, 0x00000000e7300000, 0x00000000e7400000|  0%| F|  |TAMS 0x00000000e7300000, 0x00000000e7300000| Untracked 
| 116|0x00000000e7400000, 0x00000000e7400000, 0x00000000e7500000|  0%| F|  |TAMS 0x00000000e7400000, 0x00000000e7400000| Untracked 
| 117|0x00000000e7500000, 0x00000000e7500000, 0x00000000e7600000|  0%| F|  |TAMS 0x00000000e7500000, 0x00000000e7500000| Untracked 
| 118|0x00000000e7600000, 0x00000000e7600000, 0x00000000e7700000|  0%| F|  |TAMS 0x00000000e7600000, 0x00000000e7600000| Untracked 
| 119|0x00000000e7700000, 0x00000000e7700000, 0x00000000e7800000|  0%| F|  |TAMS 0x00000000e7700000, 0x00000000e7700000| Untracked 
| 120|0x00000000e7800000, 0x00000000e7800000, 0x00000000e7900000|  0%| F|  |TAMS 0x00000000e7800000, 0x00000000e7800000| Untracked 
| 121|0x00000000e7900000, 0x00000000e7900000, 0x00000000e7a00000|  0%| F|  |TAMS 0x00000000e7900000, 0x00000000e7900000| Untracked 
| 122|0x00000000e7a00000, 0x00000000e7a00000, 0x00000000e7b00000|  0%| F|  |TAMS 0x00000000e7a00000, 0x00000000e7a00000| Untracked 
| 123|0x00000000e7b00000, 0x00000000e7b00000, 0x00000000e7c00000|  0%| F|  |TAMS 0x00000000e7b00000, 0x00000000e7b00000| Untracked 
| 124|0x00000000e7c00000, 0x00000000e7c00000, 0x00000000e7d00000|  0%| F|  |TAMS 0x00000000e7c00000, 0x00000000e7c00000| Untracked 
| 125|0x00000000e7d00000, 0x00000000e7d00000, 0x00000000e7e00000|  0%| F|  |TAMS 0x00000000e7d00000, 0x00000000e7d00000| Untracked 
| 126|0x00000000e7e00000, 0x00000000e7e00000, 0x00000000e7f00000|  0%| F|  |TAMS 0x00000000e7e00000, 0x00000000e7e00000| Untracked 
| 127|0x00000000e7f00000, 0x00000000e7f00000, 0x00000000e8000000|  0%| F|  |TAMS 0x00000000e7f00000, 0x00000000e7f00000| Untracked 
| 128|0x00000000e8000000, 0x00000000e8000000, 0x00000000e8100000|  0%| F|  |TAMS 0x00000000e8000000, 0x00000000e8000000| Untracked 
| 129|0x00000000e8100000, 0x00000000e8100000, 0x00000000e8200000|  0%| F|  |TAMS 0x00000000e8100000, 0x00000000e8100000| Untracked 
| 130|0x00000000e8200000, 0x00000000e8200000, 0x00000000e8300000|  0%| F|  |TAMS 0x00000000e8200000, 0x00000000e8200000| Untracked 
| 131|0x00000000e8300000, 0x00000000e8300000, 0x00000000e8400000|  0%| F|  |TAMS 0x00000000e8300000, 0x00000000e8300000| Untracked 
| 132|0x00000000e8400000, 0x00000000e8400000, 0x00000000e8500000|  0%| F|  |TAMS 0x00000000e8400000, 0x00000000e8400000| Untracked 
| 133|0x00000000e8500000, 0x00000000e8500000, 0x00000000e8600000|  0%| F|  |TAMS 0x00000000e8500000, 0x00000000e8500000| Untracked 
| 134|0x00000000e8600000, 0x00000000e8600000, 0x00000000e8700000|  0%| F|  |TAMS 0x00000000e8600000, 0x00000000e8600000| Untracked 
| 135|0x00000000e8700000, 0x00000000e8700000, 0x00000000e8800000|  0%| F|  |TAMS 0x00000000e8700000, 0x00000000e8700000| Untracked 
| 136|0x00000000e8800000, 0x00000000e8800000, 0x00000000e8900000|  0%| F|  |TAMS 0x00000000e8800000, 0x00000000e8800000| Untracked 
| 137|0x00000000e8900000, 0x00000000e8900000, 0x00000000e8a00000|  0%| F|  |TAMS 0x00000000e8900000, 0x00000000e8900000| Untracked 
| 138|0x00000000e8a00000, 0x00000000e8a00000, 0x00000000e8b00000|  0%| F|  |TAMS 0x00000000e8a00000, 0x00000000e8a00000| Untracked 
| 139|0x00000000e8b00000, 0x00000000e8b00000, 0x00000000e8c00000|  0%| F|  |TAMS 0x00000000e8b00000, 0x00000000e8b00000| Untracked 
| 140|0x00000000e8c00000, 0x00000000e8c00000, 0x00000000e8d00000|  0%| F|  |TAMS 0x00000000e8c00000, 0x00000000e8c00000| Untracked 
| 141|0x00000000e8d00000, 0x00000000e8d00000, 0x00000000e8e00000|  0%| F|  |TAMS 0x00000000e8d00000, 0x00000000e8d00000| Untracked 
| 142|0x00000000e8e00000, 0x00000000e8e00000, 0x00000000e8f00000|  0%| F|  |TAMS 0x00000000e8e00000, 0x00000000e8e00000| Untracked 
| 143|0x00000000e8f00000, 0x00000000e8f00000, 0x00000000e9000000|  0%| F|  |TAMS 0x00000000e8f00000, 0x00000000e8f00000| Untracked 
| 144|0x00000000e9000000, 0x00000000e9000000, 0x00000000e9100000|  0%| F|  |TAMS 0x00000000e9000000, 0x00000000e9000000| Untracked 
| 145|0x00000000e9100000, 0x00000000e9100000, 0x00000000e9200000|  0%| F|  |TAMS 0x00000000e9100000, 0x00000000e9100000| Untracked 
| 146|0x00000000e9200000, 0x00000000e9200000, 0x00000000e9300000|  0%| F|  |TAMS 0x00000000e9200000, 0x00000000e9200000| Untracked 
| 147|0x00000000e9300000, 0x00000000e9300000, 0x00000000e9400000|  0%| F|  |TAMS 0x00000000e9300000, 0x00000000e9300000| Untracked 
| 148|0x00000000e9400000, 0x00000000e9400000, 0x00000000e9500000|  0%| F|  |TAMS 0x00000000e9400000, 0x00000000e9400000| Untracked 
| 149|0x00000000e9500000, 0x00000000e9500000, 0x00000000e9600000|  0%| F|  |TAMS 0x00000000e9500000, 0x00000000e9500000| Untracked 
| 150|0x00000000e9600000, 0x00000000e9600000, 0x00000000e9700000|  0%| F|  |TAMS 0x00000000e9600000, 0x00000000e9600000| Untracked 
| 151|0x00000000e9700000, 0x00000000e9700000, 0x00000000e9800000|  0%| F|  |TAMS 0x00000000e9700000, 0x00000000e9700000| Untracked 
| 152|0x00000000e9800000, 0x00000000e9800000, 0x00000000e9900000|  0%| F|  |TAMS 0x00000000e9800000, 0x00000000e9800000| Untracked 
| 153|0x00000000e9900000, 0x00000000e9900000, 0x00000000e9a00000|  0%| F|  |TAMS 0x00000000e9900000, 0x00000000e9900000| Untracked 
| 154|0x00000000e9a00000, 0x00000000e9a00000, 0x00000000e9b00000|  0%| F|  |TAMS 0x00000000e9a00000, 0x00000000e9a00000| Untracked 
| 155|0x00000000e9b00000, 0x00000000e9b00000, 0x00000000e9c00000|  0%| F|  |TAMS 0x00000000e9b00000, 0x00000000e9b00000| Untracked 
| 156|0x00000000e9c00000, 0x00000000e9c00000, 0x00000000e9d00000|  0%| F|  |TAMS 0x00000000e9c00000, 0x00000000e9c00000| Untracked 
| 157|0x00000000e9d00000, 0x00000000e9d00000, 0x00000000e9e00000|  0%| F|  |TAMS 0x00000000e9d00000, 0x00000000e9d00000| Untracked 
| 158|0x00000000e9e00000, 0x00000000e9e00000, 0x00000000e9f00000|  0%| F|  |TAMS 0x00000000e9e00000, 0x00000000e9e00000| Untracked 
| 159|0x00000000e9f00000, 0x00000000e9f00000, 0x00000000ea000000|  0%| F|  |TAMS 0x00000000e9f00000, 0x00000000e9f00000| Untracked 
| 160|0x00000000ea000000, 0x00000000ea000000, 0x00000000ea100000|  0%| F|  |TAMS 0x00000000ea000000, 0x00000000ea000000| Untracked 
| 161|0x00000000ea100000, 0x00000000ea100000, 0x00000000ea200000|  0%| F|  |TAMS 0x00000000ea100000, 0x00000000ea100000| Untracked 
| 162|0x00000000ea200000, 0x00000000ea200000, 0x00000000ea300000|  0%| F|  |TAMS 0x00000000ea200000, 0x00000000ea200000| Untracked 
| 163|0x00000000ea300000, 0x00000000ea300000, 0x00000000ea400000|  0%| F|  |TAMS 0x00000000ea300000, 0x00000000ea300000| Untracked 
| 164|0x00000000ea400000, 0x00000000ea400000, 0x00000000ea500000|  0%| F|  |TAMS 0x00000000ea400000, 0x00000000ea400000| Untracked 
| 165|0x00000000ea500000, 0x00000000ea500000, 0x00000000ea600000|  0%| F|  |TAMS 0x00000000ea500000, 0x00000000ea500000| Untracked 
| 166|0x00000000ea600000, 0x00000000ea600000, 0x00000000ea700000|  0%| F|  |TAMS 0x00000000ea600000, 0x00000000ea600000| Untracked 
| 167|0x00000000ea700000, 0x00000000ea700000, 0x00000000ea800000|  0%| F|  |TAMS 0x00000000ea700000, 0x00000000ea700000| Untracked 
| 168|0x00000000ea800000, 0x00000000ea800000, 0x00000000ea900000|  0%| F|  |TAMS 0x00000000ea800000, 0x00000000ea800000| Untracked 
| 169|0x00000000ea900000, 0x00000000ea980800, 0x00000000eaa00000| 50%| E|  |TAMS 0x00000000ea900000, 0x00000000ea900000| Complete 
| 170|0x00000000eaa00000, 0x00000000eab00000, 0x00000000eab00000|100%| E|CS|TAMS 0x00000000eaa00000, 0x00000000eaa00000| Complete 
| 171|0x00000000eab00000, 0x00000000eac00000, 0x00000000eac00000|100%| E|CS|TAMS 0x00000000eab00000, 0x00000000eab00000| Complete 
| 172|0x00000000eac00000, 0x00000000ead00000, 0x00000000ead00000|100%| E|CS|TAMS 0x00000000eac00000, 0x00000000eac00000| Complete 
| 173|0x00000000ead00000, 0x00000000eae00000, 0x00000000eae00000|100%| E|CS|TAMS 0x00000000ead00000, 0x00000000ead00000| Complete 
| 174|0x00000000eae00000, 0x00000000eaf00000, 0x00000000eaf00000|100%| E|CS|TAMS 0x00000000eae00000, 0x00000000eae00000| Complete 
| 175|0x00000000eaf00000, 0x00000000eb000000, 0x00000000eb000000|100%| E|CS|TAMS 0x00000000eaf00000, 0x00000000eaf00000| Complete 
| 176|0x00000000eb000000, 0x00000000eb100000, 0x00000000eb100000|100%| E|CS|TAMS 0x00000000eb000000, 0x00000000eb000000| Complete 
| 177|0x00000000eb100000, 0x00000000eb200000, 0x00000000eb200000|100%| E|CS|TAMS 0x00000000eb100000, 0x00000000eb100000| Complete 
| 178|0x00000000eb200000, 0x00000000eb300000, 0x00000000eb300000|100%| E|CS|TAMS 0x00000000eb200000, 0x00000000eb200000| Complete 
| 179|0x00000000eb300000, 0x00000000eb400000, 0x00000000eb400000|100%| E|CS|TAMS 0x00000000eb300000, 0x00000000eb300000| Complete 
| 180|0x00000000eb400000, 0x00000000eb500000, 0x00000000eb500000|100%| E|CS|TAMS 0x00000000eb400000, 0x00000000eb400000| Complete 
| 181|0x00000000eb500000, 0x00000000eb600000, 0x00000000eb600000|100%| E|CS|TAMS 0x00000000eb500000, 0x00000000eb500000| Complete 
| 182|0x00000000eb600000, 0x00000000eb700000, 0x00000000eb700000|100%| E|CS|TAMS 0x00000000eb600000, 0x00000000eb600000| Complete 
| 183|0x00000000eb700000, 0x00000000eb800000, 0x00000000eb800000|100%| E|CS|TAMS 0x00000000eb700000, 0x00000000eb700000| Complete 
| 184|0x00000000eb800000, 0x00000000eb900000, 0x00000000eb900000|100%| E|CS|TAMS 0x00000000eb800000, 0x00000000eb800000| Complete 
| 185|0x00000000eb900000, 0x00000000eba00000, 0x00000000eba00000|100%| E|CS|TAMS 0x00000000eb900000, 0x00000000eb900000| Complete 
| 186|0x00000000eba00000, 0x00000000ebb00000, 0x00000000ebb00000|100%| E|CS|TAMS 0x00000000eba00000, 0x00000000eba00000| Complete 
| 187|0x00000000ebb00000, 0x00000000ebc00000, 0x00000000ebc00000|100%| E|CS|TAMS 0x00000000ebb00000, 0x00000000ebb00000| Complete 
| 188|0x00000000ebc00000, 0x00000000ebd00000, 0x00000000ebd00000|100%| E|CS|TAMS 0x00000000ebc00000, 0x00000000ebc00000| Complete 
| 189|0x00000000ebd00000, 0x00000000ebe00000, 0x00000000ebe00000|100%| E|CS|TAMS 0x00000000ebd00000, 0x00000000ebd00000| Complete 
| 190|0x00000000ebe00000, 0x00000000ebf00000, 0x00000000ebf00000|100%| E|CS|TAMS 0x00000000ebe00000, 0x00000000ebe00000| Complete 
| 191|0x00000000ebf00000, 0x00000000ec000000, 0x00000000ec000000|100%| E|CS|TAMS 0x00000000ebf00000, 0x00000000ebf00000| Complete 
| 192|0x00000000ec000000, 0x00000000ec100000, 0x00000000ec100000|100%| E|CS|TAMS 0x00000000ec000000, 0x00000000ec000000| Complete 
| 193|0x00000000ec100000, 0x00000000ec200000, 0x00000000ec200000|100%| E|CS|TAMS 0x00000000ec100000, 0x00000000ec100000| Complete 
| 194|0x00000000ec200000, 0x00000000ec300000, 0x00000000ec300000|100%| E|CS|TAMS 0x00000000ec200000, 0x00000000ec200000| Complete 
| 195|0x00000000ec300000, 0x00000000ec400000, 0x00000000ec400000|100%| E|CS|TAMS 0x00000000ec300000, 0x00000000ec300000| Complete 
| 196|0x00000000ec400000, 0x00000000ec500000, 0x00000000ec500000|100%| E|CS|TAMS 0x00000000ec400000, 0x00000000ec400000| Complete 
| 197|0x00000000ec500000, 0x00000000ec600000, 0x00000000ec600000|100%| E|CS|TAMS 0x00000000ec500000, 0x00000000ec500000| Complete 
| 198|0x00000000ec600000, 0x00000000ec700000, 0x00000000ec700000|100%| E|CS|TAMS 0x00000000ec600000, 0x00000000ec600000| Complete 
| 199|0x00000000ec700000, 0x00000000ec800000, 0x00000000ec800000|100%| E|CS|TAMS 0x00000000ec700000, 0x00000000ec700000| Complete 
| 200|0x00000000ec800000, 0x00000000ec900000, 0x00000000ec900000|100%| E|CS|TAMS 0x00000000ec800000, 0x00000000ec800000| Complete 
| 201|0x00000000ec900000, 0x00000000eca00000, 0x00000000eca00000|100%| E|CS|TAMS 0x00000000ec900000, 0x00000000ec900000| Complete 
| 202|0x00000000eca00000, 0x00000000ecb00000, 0x00000000ecb00000|100%| E|CS|TAMS 0x00000000eca00000, 0x00000000eca00000| Complete 
| 203|0x00000000ecb00000, 0x00000000ecc00000, 0x00000000ecc00000|100%| E|CS|TAMS 0x00000000ecb00000, 0x00000000ecb00000| Complete 
| 204|0x00000000ecc00000, 0x00000000ecd00000, 0x00000000ecd00000|100%| E|CS|TAMS 0x00000000ecc00000, 0x00000000ecc00000| Complete 
| 205|0x00000000ecd00000, 0x00000000ece00000, 0x00000000ece00000|100%| E|CS|TAMS 0x00000000ecd00000, 0x00000000ecd00000| Complete 
| 206|0x00000000ece00000, 0x00000000ecf00000, 0x00000000ecf00000|100%| E|CS|TAMS 0x00000000ece00000, 0x00000000ece00000| Complete 
| 207|0x00000000ecf00000, 0x00000000ed000000, 0x00000000ed000000|100%| E|CS|TAMS 0x00000000ecf00000, 0x00000000ecf00000| Complete 
| 208|0x00000000ed000000, 0x00000000ed100000, 0x00000000ed100000|100%| E|CS|TAMS 0x00000000ed000000, 0x00000000ed000000| Complete 
| 209|0x00000000ed100000, 0x00000000ed200000, 0x00000000ed200000|100%| E|CS|TAMS 0x00000000ed100000, 0x00000000ed100000| Complete 
| 210|0x00000000ed200000, 0x00000000ed300000, 0x00000000ed300000|100%| E|CS|TAMS 0x00000000ed200000, 0x00000000ed200000| Complete 
| 211|0x00000000ed300000, 0x00000000ed400000, 0x00000000ed400000|100%| E|CS|TAMS 0x00000000ed300000, 0x00000000ed300000| Complete 
| 212|0x00000000ed400000, 0x00000000ed500000, 0x00000000ed500000|100%| E|CS|TAMS 0x00000000ed400000, 0x00000000ed400000| Complete 
| 213|0x00000000ed500000, 0x00000000ed600000, 0x00000000ed600000|100%| E|CS|TAMS 0x00000000ed500000, 0x00000000ed500000| Complete 
| 214|0x00000000ed600000, 0x00000000ed700000, 0x00000000ed700000|100%| E|CS|TAMS 0x00000000ed600000, 0x00000000ed600000| Complete 
| 215|0x00000000ed700000, 0x00000000ed800000, 0x00000000ed800000|100%| E|CS|TAMS 0x00000000ed700000, 0x00000000ed700000| Complete 
| 216|0x00000000ed800000, 0x00000000ed900000, 0x00000000ed900000|100%| E|CS|TAMS 0x00000000ed800000, 0x00000000ed800000| Complete 
| 217|0x00000000ed900000, 0x00000000eda00000, 0x00000000eda00000|100%| E|CS|TAMS 0x00000000ed900000, 0x00000000ed900000| Complete 
| 218|0x00000000eda00000, 0x00000000edb00000, 0x00000000edb00000|100%| E|CS|TAMS 0x00000000eda00000, 0x00000000eda00000| Complete 
| 219|0x00000000edb00000, 0x00000000edc00000, 0x00000000edc00000|100%| E|CS|TAMS 0x00000000edb00000, 0x00000000edb00000| Complete 
| 220|0x00000000edc00000, 0x00000000edd00000, 0x00000000edd00000|100%| E|CS|TAMS 0x00000000edc00000, 0x00000000edc00000| Complete 
| 221|0x00000000edd00000, 0x00000000ede00000, 0x00000000ede00000|100%| E|CS|TAMS 0x00000000edd00000, 0x00000000edd00000| Complete 
| 222|0x00000000ede00000, 0x00000000edf00000, 0x00000000edf00000|100%| E|CS|TAMS 0x00000000ede00000, 0x00000000ede00000| Complete 
| 223|0x00000000edf00000, 0x00000000ee000000, 0x00000000ee000000|100%| E|CS|TAMS 0x00000000edf00000, 0x00000000edf00000| Complete 
| 224|0x00000000ee000000, 0x00000000ee100000, 0x00000000ee100000|100%| E|CS|TAMS 0x00000000ee000000, 0x00000000ee000000| Complete 
| 225|0x00000000ee100000, 0x00000000ee200000, 0x00000000ee200000|100%| E|CS|TAMS 0x00000000ee100000, 0x00000000ee100000| Complete 
| 226|0x00000000ee200000, 0x00000000ee300000, 0x00000000ee300000|100%| E|CS|TAMS 0x00000000ee200000, 0x00000000ee200000| Complete 
| 227|0x00000000ee300000, 0x00000000ee3b2370, 0x00000000ee400000| 69%| S|CS|TAMS 0x00000000ee300000, 0x00000000ee300000| Complete 
| 228|0x00000000ee400000, 0x00000000ee500000, 0x00000000ee500000|100%| E|CS|TAMS 0x00000000ee400000, 0x00000000ee400000| Complete 
| 229|0x00000000ee500000, 0x00000000ee600000, 0x00000000ee600000|100%| E|CS|TAMS 0x00000000ee500000, 0x00000000ee500000| Complete 
| 230|0x00000000ee600000, 0x00000000ee700000, 0x00000000ee700000|100%| E|CS|TAMS 0x00000000ee600000, 0x00000000ee600000| Complete 
| 231|0x00000000ee700000, 0x00000000ee800000, 0x00000000ee800000|100%| E|CS|TAMS 0x00000000ee700000, 0x00000000ee700000| Complete 
| 232|0x00000000ee800000, 0x00000000ee900000, 0x00000000ee900000|100%| E|CS|TAMS 0x00000000ee800000, 0x00000000ee800000| Complete 
| 233|0x00000000ee900000, 0x00000000eea00000, 0x00000000eea00000|100%| E|CS|TAMS 0x00000000ee900000, 0x00000000ee900000| Complete 
| 234|0x00000000eea00000, 0x00000000eeb00000, 0x00000000eeb00000|100%| E|CS|TAMS 0x00000000eea00000, 0x00000000eea00000| Complete 
| 235|0x00000000eeb00000, 0x00000000eec00000, 0x00000000eec00000|100%| E|CS|TAMS 0x00000000eeb00000, 0x00000000eeb00000| Complete 
| 236|0x00000000eec00000, 0x00000000eed00000, 0x00000000eed00000|100%| E|CS|TAMS 0x00000000eec00000, 0x00000000eec00000| Complete 
| 237|0x00000000eed00000, 0x00000000eee00000, 0x00000000eee00000|100%| E|CS|TAMS 0x00000000eed00000, 0x00000000eed00000| Complete 
| 238|0x00000000eee00000, 0x00000000eef00000, 0x00000000eef00000|100%| E|CS|TAMS 0x00000000eee00000, 0x00000000eee00000| Complete 
| 239|0x00000000eef00000, 0x00000000ef000000, 0x00000000ef000000|100%| E|CS|TAMS 0x00000000eef00000, 0x00000000eef00000| Complete 
| 240|0x00000000ef000000, 0x00000000ef100000, 0x00000000ef100000|100%| E|CS|TAMS 0x00000000ef000000, 0x00000000ef000000| Complete 
| 241|0x00000000ef100000, 0x00000000ef200000, 0x00000000ef200000|100%| E|CS|TAMS 0x00000000ef100000, 0x00000000ef100000| Complete 
| 242|0x00000000ef200000, 0x00000000ef300000, 0x00000000ef300000|100%| E|CS|TAMS 0x00000000ef200000, 0x00000000ef200000| Complete 
| 243|0x00000000ef300000, 0x00000000ef400000, 0x00000000ef400000|100%| E|CS|TAMS 0x00000000ef300000, 0x00000000ef300000| Complete 
| 244|0x00000000ef400000, 0x00000000ef500000, 0x00000000ef500000|100%| E|CS|TAMS 0x00000000ef400000, 0x00000000ef400000| Complete 
| 245|0x00000000ef500000, 0x00000000ef600000, 0x00000000ef600000|100%| E|CS|TAMS 0x00000000ef500000, 0x00000000ef500000| Complete 
| 246|0x00000000ef600000, 0x00000000ef700000, 0x00000000ef700000|100%| E|CS|TAMS 0x00000000ef600000, 0x00000000ef600000| Complete 
| 247|0x00000000ef700000, 0x00000000ef800000, 0x00000000ef800000|100%| E|CS|TAMS 0x00000000ef700000, 0x00000000ef700000| Complete 
| 248|0x00000000ef800000, 0x00000000ef900000, 0x00000000ef900000|100%| E|CS|TAMS 0x00000000ef800000, 0x00000000ef800000| Complete 
| 249|0x00000000ef900000, 0x00000000efa00000, 0x00000000efa00000|100%| E|CS|TAMS 0x00000000ef900000, 0x00000000ef900000| Complete 
| 250|0x00000000efa00000, 0x00000000efb00000, 0x00000000efb00000|100%| E|  |TAMS 0x00000000efa00000, 0x00000000efa00000| Complete 
| 251|0x00000000efb00000, 0x00000000efc00000, 0x00000000efc00000|100%| E|CS|TAMS 0x00000000efb00000, 0x00000000efb00000| Complete 
| 252|0x00000000efc00000, 0x00000000efd00000, 0x00000000efd00000|100%| E|CS|TAMS 0x00000000efc00000, 0x00000000efc00000| Complete 
| 253|0x00000000efd00000, 0x00000000efe00000, 0x00000000efe00000|100%| E|CS|TAMS 0x00000000efd00000, 0x00000000efd00000| Complete 
| 254|0x00000000efe00000, 0x00000000eff00000, 0x00000000eff00000|100%| E|CS|TAMS 0x00000000efe00000, 0x00000000efe00000| Complete 
| 255|0x00000000eff00000, 0x00000000f0000000, 0x00000000f0000000|100%| E|CS|TAMS 0x00000000eff00000, 0x00000000eff00000| Complete 

Card table byte_map: [0x0000028c51050000,0x0000028c51150000] _byte_map_base: 0x0000028c50950000

Marking Bits (Prev, Next): (CMBitMap*) 0x0000028c39735fc0, (CMBitMap*) 0x0000028c39736000
 Prev Bits: [0x0000028c51250000, 0x0000028c51a50000)
 Next Bits: [0x0000028c51a50000, 0x0000028c52250000)

Polling page: 0x0000028c37530000

Metaspace:

Usage:
  Non-class:     15.20 MB capacity,    14.94 MB ( 98%) used,   242.16 KB (  2%) free+waste,    23.00 KB ( <1%) overhead. 
      Class:      2.62 MB capacity,     2.50 MB ( 95%) used,   114.00 KB (  4%) free+waste,    10.88 KB ( <1%) overhead. 
       Both:     17.82 MB capacity,    17.44 MB ( 98%) used,   356.16 KB (  2%) free+waste,    33.88 KB ( <1%) overhead. 

Virtual space:
  Non-class space:       16.00 MB reserved,      15.25 MB ( 95%) committed 
      Class space:      248.00 MB reserved,       2.63 MB (  1%) committed 
             Both:      264.00 MB reserved,      17.88 MB (  7%) committed 

Chunk freelists:
   Non-Class:  53.00 KB
       Class:  2.00 KB
        Both:  55.00 KB

MaxMetaspaceSize: 256.00 MB
CompressedClassSpaceSize: 248.00 MB

CodeHeap 'non-profiled nmethods': size=120000Kb used=1233Kb max_used=1233Kb free=118766Kb
 bounds [0x0000028c496f0000, 0x0000028c49960000, 0x0000028c50c20000]
CodeHeap 'profiled nmethods': size=120000Kb used=4645Kb max_used=4645Kb free=115355Kb
 bounds [0x0000028c421c0000, 0x0000028c42650000, 0x0000028c496f0000]
CodeHeap 'non-nmethods': size=5760Kb used=1241Kb max_used=1318Kb free=4518Kb
 bounds [0x0000028c41c20000, 0x0000028c41e90000, 0x0000028c421c0000]
 total_blobs=2815 nmethods=2309 adapters=417
 compilation: enabled
              stopped_count=0, restarted_count=0
 full_count=0

Compilation events (20 events):
Event: 4.793 Thread 0x0000028c54c93380 2274       3       com.google.common.collect.ImmutableEntry::<init> (15 bytes)
Event: 4.793 Thread 0x0000028c54c93380 nmethod 2274 0x0000028c42630b90 code [0x0000028c42630d40, 0x0000028c42630fb8]
Event: 4.793 Thread 0x0000028c54c93380 2275       3       com.google.common.collect.AbstractMapEntry::<init> (5 bytes)
Event: 4.793 Thread 0x0000028c54c93380 nmethod 2275 0x0000028c42631090 code [0x0000028c42631220, 0x0000028c42631378]
Event: 4.793 Thread 0x0000028c54c93380 2276       3       com.google.common.collect.ImmutableMapEntry::<init> (12 bytes)
Event: 4.794 Thread 0x0000028c54c93380 nmethod 2276 0x0000028c42631410 code [0x0000028c426315e0, 0x0000028c426318e8]
Event: 4.794 Thread 0x0000028c54c93380 2278       3       com.google.common.collect.RegularImmutableMap::makeImmutable (44 bytes)
Event: 4.794 Thread 0x0000028c54c93380 nmethod 2278 0x0000028c42631a10 code [0x0000028c42631c20, 0x0000028c426324d8]
Event: 4.794 Thread 0x0000028c54c93380 2279       1       com.google.common.collect.ImmutableMapEntry::getNextInKeyBucket (2 bytes)
Event: 4.794 Thread 0x0000028c54c93380 nmethod 2279 0x0000028c4981fe90 code [0x0000028c49820020, 0x0000028c498200d8]
Event: 4.794 Thread 0x0000028c54c93380 2280       1       com.google.common.collect.ImmutableMapEntry$NonTerminalImmutableMapEntry::getNextInKeyBucket (5 bytes)
Event: 4.794 Thread 0x0000028c54c93380 nmethod 2280 0x0000028c49820190 code [0x0000028c49820320, 0x0000028c498203d8]
Event: 4.794 Thread 0x0000028c54c93380 2281       3       com.google.common.collect.ImmutableMapEntry$NonTerminalImmutableMapEntry::<init> (12 bytes)
Event: 4.795 Thread 0x0000028c54c93380 nmethod 2281 0x0000028c42632710 code [0x0000028c426328e0, 0x0000028c42632ca8]
Event: 4.806 Thread 0x0000028c54c93380 2282       3       java.util.concurrent.locks.AbstractQueuedSynchronizer::signalNext (34 bytes)
Event: 4.806 Thread 0x0000028c54c85780 nmethod 2218 0x0000028c49820490 code [0x0000028c49820780, 0x0000028c49821b70]
Event: 4.806 Thread 0x0000028c54c93380 nmethod 2282 0x0000028c42632e10 code [0x0000028c42632fe0, 0x0000028c42633298]
Event: 4.806 Thread 0x0000028c54c93380 2283       3       java.util.StringJoiner::getChars (15 bytes)
Event: 4.807 Thread 0x0000028c54c85780 2271       4       java.lang.AbstractStringBuilder::appendChars (130 bytes)
Event: 4.807 Thread 0x0000028c54c93380 nmethod 2283 0x0000028c42633410 code [0x0000028c426335c0, 0x0000028c42633808]

GC Heap History (4 events):
Event: 1.294 GC heap before
{Heap before GC invocations=0 (full 0):
 garbage-first heap   total 262144K, used 28672K [0x00000000e0000000, 0x0000000100000000)
  region size 1024K, 23 young (23552K), 0 survivors (0K)
 Metaspace       used 3327K, capacity 6150K, committed 6400K, reserved 262144K
  class space    used 414K, capacity 706K, committed 768K, reserved 253952K
}
Event: 1.303 GC heap after
{Heap after GC invocations=1 (full 0):
 garbage-first heap   total 262144K, used 9286K [0x00000000e0000000, 0x0000000100000000)
  region size 1024K, 3 young (3072K), 3 survivors (3072K)
 Metaspace       used 3327K, capacity 6150K, committed 6400K, reserved 262144K
  class space    used 414K, capacity 706K, committed 768K, reserved 253952K
}
Event: 1.656 GC heap before
{Heap before GC invocations=1 (full 0):
 garbage-first heap   total 262144K, used 34886K [0x00000000e0000000, 0x0000000100000000)
  region size 1024K, 28 young (28672K), 3 survivors (3072K)
 Metaspace       used 4274K, capacity 6665K, committed 7040K, reserved 262144K
  class space    used 509K, capacity 771K, committed 896K, reserved 253952K
}
Event: 1.659 GC heap after
{Heap after GC invocations=2 (full 0):
 garbage-first heap   total 262144K, used 10093K [0x00000000e0000000, 0x0000000100000000)
  region size 1024K, 1 young (1024K), 1 survivors (1024K)
 Metaspace       used 4274K, capacity 6665K, committed 7040K, reserved 262144K
  class space    used 509K, capacity 771K, committed 896K, reserved 253952K
}

Deoptimization events (20 events):
Event: 4.346 Thread 0x0000028c56cb1f50 Uncommon trap: trap_request=0xffffffc6 fr.pc=0x0000028c497f6c08 relative=0x0000000000000d08
Event: 4.346 Thread 0x0000028c56cb1f50 Uncommon trap: reason=bimorphic_or_optimized_type_check action=maybe_recompile pc=0x0000028c497f6c08 method=java.util.HashMap.getNode(Ljava/lang/Object;)Ljava/util/HashMap$Node; @ 63 c2
Event: 4.346 Thread 0x0000028c56cb1f50 DEOPT PACKING pc=0x0000028c497f6c08 sp=0x000000c5322fab50
Event: 4.346 Thread 0x0000028c56cb1f50 DEOPT UNPACKING pc=0x0000028c41c6e42f sp=0x000000c5322faa88 mode 2
Event: 4.346 Thread 0x0000028c56cb1f50 Uncommon trap: trap_request=0xffffffc6 fr.pc=0x0000028c497f6c08 relative=0x0000000000000d08
Event: 4.346 Thread 0x0000028c56cb1f50 Uncommon trap: reason=bimorphic_or_optimized_type_check action=maybe_recompile pc=0x0000028c497f6c08 method=java.util.HashMap.getNode(Ljava/lang/Object;)Ljava/util/HashMap$Node; @ 63 c2
Event: 4.346 Thread 0x0000028c56cb1f50 DEOPT PACKING pc=0x0000028c497f6c08 sp=0x000000c5322fab50
Event: 4.346 Thread 0x0000028c56cb1f50 DEOPT UNPACKING pc=0x0000028c41c6e42f sp=0x000000c5322faa88 mode 2
Event: 4.346 Thread 0x0000028c56cb1f50 Uncommon trap: trap_request=0xffffffc6 fr.pc=0x0000028c497f6c08 relative=0x0000000000000d08
Event: 4.346 Thread 0x0000028c56cb1f50 Uncommon trap: reason=bimorphic_or_optimized_type_check action=maybe_recompile pc=0x0000028c497f6c08 method=java.util.HashMap.getNode(Ljava/lang/Object;)Ljava/util/HashMap$Node; @ 63 c2
Event: 4.346 Thread 0x0000028c56cb1f50 DEOPT PACKING pc=0x0000028c497f6c08 sp=0x000000c5322fab50
Event: 4.346 Thread 0x0000028c56cb1f50 DEOPT UNPACKING pc=0x0000028c41c6e42f sp=0x000000c5322faa88 mode 2
Event: 4.346 Thread 0x0000028c56cb1f50 Uncommon trap: trap_request=0xffffff45 fr.pc=0x0000028c4972ecbc relative=0x000000000000047c
Event: 4.346 Thread 0x0000028c56cb1f50 Uncommon trap: reason=unstable_if action=reinterpret pc=0x0000028c4972ecbc method=java.util.HashMap.getNode(Ljava/lang/Object;)Ljava/util/HashMap$Node; @ 131 c2
Event: 4.346 Thread 0x0000028c56cb1f50 DEOPT PACKING pc=0x0000028c4972ecbc sp=0x000000c5322fab00
Event: 4.346 Thread 0x0000028c56cb1f50 DEOPT UNPACKING pc=0x0000028c41c6e42f sp=0x000000c5322faa90 mode 2
Event: 4.377 Thread 0x0000028c56cb1f50 Uncommon trap: trap_request=0xffffff45 fr.pc=0x0000028c497f1f00 relative=0x0000000000000260
Event: 4.377 Thread 0x0000028c56cb1f50 Uncommon trap: reason=unstable_if action=reinterpret pc=0x0000028c497f1f00 method=java.util.concurrent.ConcurrentHashMap.get(Ljava/lang/Object;)Ljava/lang/Object; @ 76 c2
Event: 4.377 Thread 0x0000028c56cb1f50 DEOPT PACKING pc=0x0000028c497f1f00 sp=0x000000c5322fa0b0
Event: 4.377 Thread 0x0000028c56cb1f50 DEOPT UNPACKING pc=0x0000028c41c6e42f sp=0x000000c5322fa018 mode 2

Classes unloaded (0 events):
No events

Classes redefined (0 events):
No events

Internal exceptions (20 events):
Event: 3.164 Thread 0x0000028c56cb1f50 Exception <a 'java/lang/NoSuchMethodError'{0x00000000edbaa768}: 'long java.lang.invoke.DirectMethodHandle$Holder.invokeInterface(java.lang.Object, java.lang.Object)'> (0x00000000edbaa768) 
thrown [./src/hotspot/share/interpreter/linkResolver.cpp, line 782]
Event: 3.166 Thread 0x0000028c56cb1f50 Exception <a 'java/lang/NoSuchMethodError'{0x00000000edbb9488}: 'void java.lang.invoke.DelegatingMethodHandle$Holder.reinvoke_L(java.lang.Object, java.lang.Object, java.lang.Object, java.lang.Object, java.lang.Object, java.lang.Object, java.lang.Object)'> (0x00000000edbb9488) 
thrown [./src/hotspot/share/interpreter/linkResolver.cpp, line 782]
Event: 3.508 Thread 0x0000028c56cb1f50 Exception <a 'java/lang/NoSuchMethodError'{0x00000000ecca9110}: 'void java.lang.invoke.DirectMethodHandle$Holder.invokeStaticInit(java.lang.Object)'> (0x00000000ecca9110) 
thrown [./src/hotspot/share/interpreter/linkResolver.cpp, line 782]
Event: 3.527 Thread 0x0000028c56cb1f50 Exception <a 'java/lang/NoSuchMethodError'{0x00000000ecb4ea98}: 'java.lang.Object java.lang.invoke.DirectMethodHandle$Holder.newInvokeSpecial(java.lang.Object, java.lang.Object, java.lang.Object, int)'> (0x00000000ecb4ea98) 
thrown [./src/hotspot/share/interpreter/linkResolver.cpp, line 782]
Event: 3.528 Thread 0x0000028c56cb1f50 Exception <a 'java/lang/NoSuchMethodError'{0x00000000ecb53a20}: 'java.lang.Object java.lang.invoke.DirectMethodHandle$Holder.invokeSpecial(java.lang.Object, java.lang.Object, java.lang.Object, java.lang.Object, int)'> (0x00000000ecb53a20) 
thrown [./src/hotspot/share/interpreter/linkResolver.cpp, line 782]
Event: 3.529 Thread 0x0000028c56cb1f50 Exception <a 'java/lang/NoSuchMethodError'{0x00000000ecb58280}: 'java.lang.Object java.lang.invoke.Invokers$Holder.linkToTargetMethod(java.lang.Object, java.lang.Object, int, java.lang.Object)'> (0x00000000ecb58280) 
thrown [./src/hotspot/share/interpreter/linkResolver.cpp, line 782]
Event: 3.686 Thread 0x0000028c56cb1f50 Exception <a 'java/lang/NoSuchMethodError'{0x00000000ec7fd928}: 'java.lang.Object java.lang.invoke.DirectMethodHandle$Holder.newInvokeSpecial(java.lang.Object, java.lang.Object, java.lang.Object, java.lang.Object, java.lang.Object)'> (0x00000000ec7fd928) 
thrown [./src/hotspot/share/interpreter/linkResolver.cpp, line 782]
Event: 3.709 Thread 0x0000028c56cb1f50 Exception <a 'java/lang/NoSuchMethodError'{0x00000000ec504f08}: 'int java.lang.invoke.DirectMethodHandle$Holder.invokeSpecialIFC(java.lang.Object, java.lang.Object, java.lang.Object, java.lang.Object)'> (0x00000000ec504f08) 
thrown [./src/hotspot/share/interpreter/linkResolver.cpp, line 782]
Event: 3.711 Thread 0x0000028c56cb1f50 Exception <a 'java/lang/NoSuchMethodError'{0x00000000ec514878}: 'java.lang.Object java.lang.invoke.DirectMethodHandle$Holder.invokeInterface(java.lang.Object, java.lang.Object, java.lang.Object)'> (0x00000000ec514878) 
thrown [./src/hotspot/share/interpreter/linkResolver.cpp, line 782]
Event: 3.711 Thread 0x0000028c56cb1f50 Exception <a 'java/lang/IncompatibleClassChangeError'{0x00000000ec518660}: Found class java.lang.Object, but interface was expected> (0x00000000ec518660) 
thrown [./src/hotspot/share/interpreter/linkResolver.cpp, line 848]
Event: 3.781 Thread 0x0000028c56cb1f50 Exception <a 'java/lang/NoSuchMethodError'{0x00000000ec3f4558}: 'int java.lang.invoke.DirectMethodHandle$Holder.invokeStatic(java.lang.Object, java.lang.Object, java.lang.Object, java.lang.Object)'> (0x00000000ec3f4558) 
thrown [./src/hotspot/share/interpreter/linkResolver.cpp, line 782]
Event: 3.782 Thread 0x0000028c56cb1f50 Exception <a 'java/lang/NoSuchMethodError'{0x00000000ec3f8600}: 'java.lang.Object java.lang.invoke.Invokers$Holder.invokeExact_MT(java.lang.Object, java.lang.Object, java.lang.Object, java.lang.Object, java.lang.Object, java.lang.Object)'> (0x00000000ec3f8600) 
thrown [./src/hotspot/share/interpreter/linkResolver.cpp, line 782]
Event: 3.857 Thread 0x0000028c56cb1f50 Exception <a 'java/lang/NoSuchMethodError'{0x00000000ec043a78}: 'void java.lang.invoke.DirectMethodHandle$Holder.invokeSpecial(java.lang.Object, java.lang.Object, java.lang.Object, java.lang.Object, java.lang.Object)'> (0x00000000ec043a78) 
thrown [./src/hotspot/share/interpreter/linkResolver.cpp, line 782]
Event: 3.898 Thread 0x0000028c56cb1f50 Exception <a 'java/lang/NoSuchMethodError'{0x00000000ebf8ea88}: 'java.lang.Object java.lang.invoke.DirectMethodHandle$Holder.invokeSpecial(java.lang.Object, java.lang.Object, java.lang.Object, java.lang.Object, java.lang.Object, java.lang.Object, java.lang.Object, java.lang.Object, java.lang.Object)'> (0x00000000ebf8ea88) 
thrown [./src/hotspot/share/interpreter/linkResolver.cpp, line 782]
Event: 4.192 Thread 0x0000028c56cb1f50 Exception <a 'java/lang/NoSuchMethodError'{0x00000000eba36c18}: 'java.lang.Object java.lang.invoke.DirectMethodHandle$Holder.invokeVirtual(java.lang.Object, java.lang.Object, java.lang.Object, java.lang.Object)'> (0x00000000eba36c18) 
thrown [./src/hotspot/share/interpreter/linkResolver.cpp, line 782]
Event: 4.451 Thread 0x0000028c56cb1f50 Exception <a 'java/lang/NoSuchMethodError'{0x00000000eb67c360}: 'void java.lang.invoke.DirectMethodHandle$Holder.invokeSpecial(java.lang.Object, java.lang.Object, java.lang.Object, java.lang.Object, java.lang.Object, java.lang.Object)'> (0x00000000eb67c360) 
thrown [./src/hotspot/share/interpreter/linkResolver.cpp, line 782]
Event: 4.469 Thread 0x0000028c56cb1f50 Exception <a 'java/lang/NoSuchMethodError'{0x00000000eb6eb0b0}: 'void java.lang.invoke.DirectMethodHandle$Holder.invokeSpecial(java.lang.Object, java.lang.Object, java.lang.Object, java.lang.Object, java.lang.Object, java.lang.Object, java.lang.Object)'> (0x00000000eb6eb0b0) 
thrown [./src/hotspot/share/interpreter/linkResolver.cpp, line 782]
Event: 4.472 Thread 0x0000028c56cb1f50 Exception <a 'java/lang/NoSuchMethodError'{0x00000000eb6f4248}: 'java.lang.Object java.lang.invoke.DirectMethodHandle$Holder.newInvokeSpecial(java.lang.Object, java.lang.Object, java.lang.Object, java.lang.Object, java.lang.Object, java.lang.Object)'> (0x00000000eb6f4248) 
thrown [./src/hotspot/share/interpreter/linkResolver.cpp, line 782]
Event: 4.530 Thread 0x0000028c56cb1f50 Exception <a 'java/lang/NoSuchMethodError'{0x00000000eb465658}: 'java.lang.Object java.lang.invoke.DirectMethodHandle$Holder.invokeVirtual(java.lang.Object, java.lang.Object, java.lang.Object, java.lang.Object, java.lang.Object, java.lang.Object, java.lang.Object, java.lang.Object, java.lang.Object, java.lang.Object, java.lang.Object, java.lang.Object, java.lang.Object, java.lang.Object, java.lang.Object, java.lang.Object, java.lang.Object, java.lang.Object, java.lang.Object, java.lang.Object, java.lang.Ob
Event: 4.708 Thread 0x0000028c56cb1f50 Exception <a 'java/lang/NoSuchMethodError'{0x00000000eb0605d8}: 'int java.lang.invoke.DirectMethodHandle$Holder.invokeStaticInit(java.lang.Object, java.lang.Object, java.lang.Object)'> (0x00000000eb0605d8) 
thrown [./src/hotspot/share/interpreter/linkResolver.cpp, line 782]

Events (20 events):
Event: 4.357 loading class sun/reflect/generics/reflectiveObjects/WildcardTypeImpl
Event: 4.357 loading class sun/reflect/generics/reflectiveObjects/WildcardTypeImpl done
Event: 4.361 loading class java/lang/annotation/ElementType
Event: 4.362 loading class java/lang/annotation/ElementType done
Event: 4.373 loading class java/lang/Deprecated
Event: 4.373 loading class java/lang/Deprecated done
Event: 4.375 loading class jdk/internal/HotSpotIntrinsicCandidate
Event: 4.375 loading class jdk/internal/HotSpotIntrinsicCandidate done
Event: 4.465 loading class java/util/ConcurrentModificationException
Event: 4.465 loading class java/util/ConcurrentModificationException done
Event: 4.607 Executing VM operation: ICBufferFull
Event: 4.607 Executing VM operation: ICBufferFull done
Event: 4.624 loading class java/lang/InstantiationException
Event: 4.624 loading class java/lang/InstantiationException done
Event: 4.689 loading class java/util/concurrent/atomic/AtomicReferenceFieldUpdater
Event: 4.690 loading class java/util/concurrent/atomic/AtomicReferenceFieldUpdater done
Event: 4.690 loading class java/util/concurrent/atomic/AtomicReferenceFieldUpdater$AtomicReferenceFieldUpdaterImpl
Event: 4.690 loading class java/util/concurrent/atomic/AtomicReferenceFieldUpdater$AtomicReferenceFieldUpdaterImpl done
Event: 4.690 loading class java/util/concurrent/atomic/AtomicReferenceFieldUpdater$AtomicReferenceFieldUpdaterImpl$1
Event: 4.690 loading class java/util/concurrent/atomic/AtomicReferenceFieldUpdater$AtomicReferenceFieldUpdaterImpl$1 done


Dynamic libraries:
0x00007ff627680000 - 0x00007ff62768d000 	C:\Users\Filip Dubau\.jdks\corretto-15.0.2\bin\java.exe
0x00007ffc700b0000 - 0x00007ffc702a5000 	C:\WINDOWS\SYSTEM32\ntdll.dll
0x00007ffc6f680000 - 0x00007ffc6f73d000 	C:\WINDOWS\System32\KERNEL32.DLL
0x00007ffc6d860000 - 0x00007ffc6db2d000 	C:\WINDOWS\System32\KERNELBASE.dll
0x00007ffc6db30000 - 0x00007ffc6dc30000 	C:\WINDOWS\System32\ucrtbase.dll
0x00007ffc5cb30000 - 0x00007ffc5cb48000 	C:\Users\Filip Dubau\.jdks\corretto-15.0.2\bin\jli.dll
0x00007ffc5cb50000 - 0x00007ffc5cb65000 	C:\Users\Filip Dubau\.jdks\corretto-15.0.2\bin\VCRUNTIME140.dll
0x00007ffc5bcc0000 - 0x00007ffc5bf5a000 	C:\WINDOWS\WinSxS\amd64_microsoft.windows.common-controls_6595b64144ccf1df_6.0.19041.1110_none_60b5254171f9507e\COMCTL32.dll
0x00007ffc6f4d0000 - 0x00007ffc6f670000 	C:\WINDOWS\System32\USER32.dll
0x00007ffc6e110000 - 0x00007ffc6e1ae000 	C:\WINDOWS\System32\msvcrt.dll
0x00007ffc6dce0000 - 0x00007ffc6dd02000 	C:\WINDOWS\System32\win32u.dll
0x00007ffc6f1f0000 - 0x00007ffc6f21a000 	C:\WINDOWS\System32\GDI32.dll
0x00007ffc6dd40000 - 0x00007ffc6de4b000 	C:\WINDOWS\System32\gdi32full.dll
0x00007ffc6d7c0000 - 0x00007ffc6d85d000 	C:\WINDOWS\System32\msvcp_win.dll
0x00007ffc6fa20000 - 0x00007ffc6fa50000 	C:\WINDOWS\System32\IMM32.DLL
0x00007ffc285f0000 - 0x00007ffc2868b000 	C:\Users\Filip Dubau\.jdks\corretto-15.0.2\bin\msvcp140.dll
0x00007ffc0a6b0000 - 0x00007ffc0b241000 	C:\Users\Filip Dubau\.jdks\corretto-15.0.2\bin\server\jvm.dll
0x00007ffc6f060000 - 0x00007ffc6f10e000 	C:\WINDOWS\System32\ADVAPI32.dll
0x00007ffc6e630000 - 0x00007ffc6e6cc000 	C:\WINDOWS\System32\sechost.dll
0x00007ffc6f740000 - 0x00007ffc6f865000 	C:\WINDOWS\System32\RPCRT4.dll
0x00007ffc6fa50000 - 0x00007ffc6fa58000 	C:\WINDOWS\System32\PSAPI.DLL
0x00007ffc5f7e0000 - 0x00007ffc5f7e9000 	C:\WINDOWS\SYSTEM32\WSOCK32.dll
0x00007ffc5b960000 - 0x00007ffc5b987000 	C:\WINDOWS\SYSTEM32\WINMM.dll
0x00007ffc613a0000 - 0x00007ffc613aa000 	C:\WINDOWS\SYSTEM32\VERSION.dll
0x00007ffc6ffa0000 - 0x00007ffc7000b000 	C:\WINDOWS\System32\WS2_32.dll
0x00007ffc6c010000 - 0x00007ffc6c022000 	C:\WINDOWS\SYSTEM32\kernel.appcore.dll
0x00007ffc5cfd0000 - 0x00007ffc5cfda000 	C:\Users\Filip Dubau\.jdks\corretto-15.0.2\bin\jimage.dll
0x00007ffc6b420000 - 0x00007ffc6b604000 	C:\WINDOWS\SYSTEM32\DBGHELP.DLL
0x00007ffc45d50000 - 0x00007ffc45d7c000 	C:\WINDOWS\SYSTEM32\dbgcore.DLL
0x00007ffc6de50000 - 0x00007ffc6ded2000 	C:\WINDOWS\System32\bcryptPrimitives.dll
0x00007ffc46b50000 - 0x00007ffc46b75000 	C:\Users\Filip Dubau\.jdks\corretto-15.0.2\bin\java.dll
0x00007ffc6e910000 - 0x00007ffc6f054000 	C:\WINDOWS\System32\SHELL32.dll
0x00007ffc6b860000 - 0x00007ffc6bff4000 	C:\WINDOWS\SYSTEM32\windows.storage.dll
0x00007ffc6fac0000 - 0x00007ffc6fe14000 	C:\WINDOWS\System32\combase.dll
0x00007ffc6d140000 - 0x00007ffc6d16c000 	C:\WINDOWS\SYSTEM32\Wldp.dll
0x00007ffc6fe20000 - 0x00007ffc6fecd000 	C:\WINDOWS\System32\SHCORE.dll
0x00007ffc6f220000 - 0x00007ffc6f275000 	C:\WINDOWS\System32\shlwapi.dll
0x00007ffc6d700000 - 0x00007ffc6d71f000 	C:\WINDOWS\SYSTEM32\profapi.dll
0x00007ffc269e0000 - 0x00007ffc269f9000 	C:\Users\Filip Dubau\.jdks\corretto-15.0.2\bin\net.dll
0x00007ffc5f600000 - 0x00007ffc5f70a000 	C:\WINDOWS\SYSTEM32\WINHTTP.dll
0x00007ffc6cf20000 - 0x00007ffc6cf8a000 	C:\WINDOWS\system32\mswsock.dll
0x00007ffc23ea0000 - 0x00007ffc23eb2000 	C:\Users\Filip Dubau\.jdks\corretto-15.0.2\bin\nio.dll
0x00007ffc23e80000 - 0x00007ffc23e98000 	C:\Users\Filip Dubau\.jdks\corretto-15.0.2\bin\zip.dll
0x00007ffc2fcd0000 - 0x00007ffc2fce0000 	C:\Users\Filip Dubau\.jdks\corretto-15.0.2\bin\verify.dll
0x00007ffc359c0000 - 0x00007ffc359e7000 	C:\Users\Filip Dubau\.gradle\native\e1d6ef7f7dcc3fd88c89a11ec53ec762bb8ba0a96d01ffa2cd45eb1d1d8dd5c5\windows-amd64\native-platform.dll
0x00007ffbe8f80000 - 0x00007ffbe90c4000 	C:\Users\Filip Dubau\.gradle\native\0d407fdbe67a94daf76414ababcb853783967236a71b16ec16e742cd7a986fd3\windows-amd64\native-platform-file-events.dll
0x00007ffc68d80000 - 0x00007ffc68d89000 	C:\Users\Filip Dubau\.jdks\corretto-15.0.2\bin\management.dll
0x00007ffc67250000 - 0x00007ffc6725b000 	C:\Users\Filip Dubau\.jdks\corretto-15.0.2\bin\management_ext.dll
0x00007ffc6d480000 - 0x00007ffc6d498000 	C:\WINDOWS\SYSTEM32\CRYPTSP.dll
0x00007ffc6c850000 - 0x00007ffc6c884000 	C:\WINDOWS\system32\rsaenh.dll
0x00007ffc6dd10000 - 0x00007ffc6dd37000 	C:\WINDOWS\System32\bcrypt.dll
0x00007ffc6d6c0000 - 0x00007ffc6d6ee000 	C:\WINDOWS\SYSTEM32\USERENV.dll
0x00007ffc6d0b0000 - 0x00007ffc6d0bc000 	C:\WINDOWS\SYSTEM32\CRYPTBASE.dll
0x00007ffc6cbe0000 - 0x00007ffc6cc1b000 	C:\WINDOWS\SYSTEM32\IPHLPAPI.DLL
0x00007ffc6e100000 - 0x00007ffc6e108000 	C:\WINDOWS\System32\NSI.dll
0x00007ffc61990000 - 0x00007ffc619a7000 	C:\WINDOWS\SYSTEM32\dhcpcsvc6.DLL
0x00007ffc61950000 - 0x00007ffc6196d000 	C:\WINDOWS\SYSTEM32\dhcpcsvc.DLL
0x00007ffc6cc30000 - 0x00007ffc6ccfb000 	C:\WINDOWS\SYSTEM32\DNSAPI.dll

dbghelp: loaded successfully - version: 4.0.5 - missing functions: none
symbol engine: initialized successfully - sym options: 0x614 - pdb path: .;C:\Users\Filip Dubau\.jdks\corretto-15.0.2\bin;C:\WINDOWS\SYSTEM32;C:\WINDOWS\WinSxS\amd64_microsoft.windows.common-controls_6595b64144ccf1df_6.0.19041.1110_none_60b5254171f9507e;C:\Users\Filip Dubau\.jdks\corretto-15.0.2\bin\server;C:\Users\Filip Dubau\.gradle\native\e1d6ef7f7dcc3fd88c89a11ec53ec762bb8ba0a96d01ffa2cd45eb1d1d8dd5c5\windows-amd64;C:\Users\Filip Dubau\.gradle\native\0d407fdbe67a94daf76414ababcb853783967236a71b16ec16e742cd7a986fd3\windows-amd64

VM Arguments:
jvm_args: --add-opens=java.base/java.util=ALL-UNNAMED --add-opens=java.base/java.lang=ALL-UNNAMED --add-opens=java.base/java.lang.invoke=ALL-UNNAMED --add-opens=java.base/java.util=ALL-UNNAMED --add-opens=java.prefs/java.util.prefs=ALL-UNNAMED --add-opens=java.prefs/java.util.prefs=ALL-UNNAMED --add-opens=java.base/java.nio.charset=ALL-UNNAMED --add-opens=java.base/java.net=ALL-UNNAMED --add-opens=java.base/java.util.concurrent.atomic=ALL-UNNAMED -XX:MaxMetaspaceSize=256m -XX:+HeapDumpOnOutOfMemoryError -Xms256m -Xmx512m -Dfile.encoding=windows-1252 -Duser.country=US -Duser.language=en -Duser.variant 
java_command: org.gradle.launcher.daemon.bootstrap.GradleDaemon 7.4
java_class_path (initial): C:\Users\Filip Dubau\.gradle\wrapper\dists\gradle-7.4-bin\c0gwcg53nkjbqw7r0h0umtfvt\gradle-7.4\lib\gradle-launcher-7.4.jar
Launcher Type: SUN_STANDARD

[Global flags]
     intx CICompilerCount                          = 4                                         {product} {ergonomic}
   size_t CompressedClassSpaceSize                 = 260046848                                 {product} {ergonomic}
     uint ConcGCThreads                            = 2                                         {product} {ergonomic}
     uint G1ConcRefinementThreads                  = 8                                         {product} {ergonomic}
   size_t G1HeapRegionSize                         = 1048576                                   {product} {ergonomic}
    uintx GCDrainStackTargetSize                   = 64                                        {product} {ergonomic}
     bool HeapDumpOnOutOfMemoryError               = true                                   {manageable} {command line}
   size_t InitialHeapSize                          = 268435456                                 {product} {command line}
   size_t MarkStackSize                            = 4194304                                   {product} {ergonomic}
   size_t MaxHeapSize                              = 536870912                                 {product} {command line}
   size_t MaxMetaspaceSize                         = 268435456                                 {product} {command line}
   size_t MaxNewSize                               = 321912832                                 {product} {ergonomic}
   size_t MinHeapDeltaBytes                        = 1048576                                   {product} {ergonomic}
   size_t MinHeapSize                              = 268435456                                 {product} {command line}
    uintx NonNMethodCodeHeapSize                   = 5839372                                {pd product} {ergonomic}
    uintx NonProfiledCodeHeapSize                  = 122909434                              {pd product} {ergonomic}
    uintx ProfiledCodeHeapSize                     = 122909434                              {pd product} {ergonomic}
    uintx ReservedCodeCacheSize                    = 251658240                              {pd product} {ergonomic}
     bool SegmentedCodeCache                       = true                                      {product} {ergonomic}
   size_t SoftMaxHeapSize                          = 536870912                              {manageable} {ergonomic}
     bool UseCompressedClassPointers               = true                                 {lp64_product} {ergonomic}
     bool UseCompressedOops                        = true                                 {lp64_product} {ergonomic}
     bool UseG1GC                                  = true                                      {product} {ergonomic}
     bool UseLargePagesIndividualAllocation        = false                                  {pd product} {ergonomic}

Logging:
Log output configuration:
 #0: stdout all=warning uptime,level,tags
 #1: stderr all=off uptime,level,tags

Environment Variables:
PATH=D:\Vmware\bin\;C:\ProgramData\Oracle\Java\javapath;C:\Program Files (x86)\Common Files\Oracle\Java\javapath;C:\WINDOWS\system32;C:\WINDOWS;C:\WINDOWS\System32\Wbem;C:\WINDOWS\System32\WindowsPowerShell\v1.0\;C:\ProgramData\chocolatey\bin;C:\Program Files (x86)\Skype\Phone\;C:\work\mingw\bin;D:\perforce;C:\Program Files\Perforce\;C:\Program Files (x86)\NVIDIA Corporation\PhysX\Common;C:\WINDOWS\System32\OpenSSH\;C:\Program Files\NVIDIA Corporation\NVIDIA NvDLISR;C:\WINDOWS\system32;C:\WINDOWS;C:\WINDOWS\System32\Wbem;C:\WINDOWS\System32\WindowsPowerShell\v1.0\;C:\WINDOWS\System32\OpenSSH\;C:\Program Files\dotnet\;C:\Program Files\Microsoft SQL Server\130\Tools\Binn\;C:\Program Files\Microsoft SQL Server\Client SDK\ODBC\170\Tools\Binn\;C:\Program Files (x86)\Microsoft SQL Server\150\Tools\Binn\;C:\Program Files\Microsoft SQL Server\150\Tools\Binn\;C:\Program Files\Microsoft SQL Server\150\DTS\Binn\;C:\Program Files\PuTTY\;C:\Program Files\Azure Data Studio\bin;C:\Program Files (x86)\Microsoft SQL Server\150\DTS\Binn\;C:\Program Files\Git\cmd;C:\Program Files\nodejs\;C:\Users\Filip Dubau\AppData\Local\Programs\Python\Python39\Scripts\;C:\Users\Filip Dubau\AppData\Local\Programs\Python\Python39\;C:\Users\Filip Dubau\AppData\Local\Microsoft\WindowsApps;D:\perforce\Server;D:\wk\OJI\FP\bin\i386-Win32;C:\Users\Filip Dubau\AppData\Local\GitHubDesktop\bin;C:\Users\Filip Dubau\.dotnet\tools;C:\Program Files\JetBrains\PyCharm 2020.2.3\bin;;C:\Program Files\OpenCppCoverage;D:\wk\Microsoft VS Code\bin;;C:\Program Files\JetBrains\IntelliJ IDEA Community Edition 2021.2.2\bin;;C:\Program Files\Azure Data Studio\bin;D:\Stuff\wk\swipl\bin;C:\Users\Filip Dubau\AppData\Roaming\npm
USERNAME=Filip Dubau
OS=Windows_NT
PROCESSOR_IDENTIFIER=Intel64 Family 6 Model 158 Stepping 9, GenuineIntel



---------------  S Y S T E M  ---------------

OS:
 Windows 10 , 64 bit Build 19041 (10.0.19041.1706)
OS uptime: 0 days 22:05 hours
HyperV virtualization detected

CPU: total 8 (initial active 8) (4 cores per cpu, 2 threads per core) family 6 model 158 stepping 9 microcode 0xb4, cmov, cx8, fxsr, mmx, sse, sse2, sse3, ssse3, sse4.1, sse4.2, popcnt, vzeroupper, avx, avx2, aes, clmul, erms, 3dnowpref, lzcnt, ht, tsc, tscinvbit, bmi1, bmi2, adx, fma, clflush, clflushopt

Memory: 4k page, system-wide physical 8077M (693M free)
TotalPageFile size 17762M (AvailPageFile size 9M)
current process WorkingSet (physical memory assigned to process): 233M, peak: 236M
current process commit charge ("private bytes"): 451M, peak: 456M

vm_info: OpenJDK 64-Bit Server VM (15.0.2+7) for windows-amd64 JRE (15.0.2+7), built on Jan 20 2021 22:17:45 by "Administrator" with MS VC++ 15.9 (VS2017)

END.
